mode: set
learngo/lang/basic/container/nonrepeatingsubstr/nonrepeating.go:5.47,9.31 4 1
learngo/lang/basic/container/nonrepeatingsubstr/nonrepeating.go:19.2,19.18 1 1
learngo/lang/basic/container/nonrepeatingsubstr/nonrepeating.go:9.31,11.57 1 1
learngo/lang/basic/container/nonrepeatingsubstr/nonrepeating.go:14.3,14.28 1 1
learngo/lang/basic/container/nonrepeatingsubstr/nonrepeating.go:17.3,17.22 1 1
learngo/lang/basic/container/nonrepeatingsubstr/nonrepeating.go:11.57,13.4 1 1
learngo/lang/basic/container/nonrepeatingsubstr/nonrepeating.go:14.28,16.4 1 1
learngo/lang/basic/container/nonrepeatingsubstr/nonrepeating.go:22.13,36.2 6 0
